
/home/runner/work/exp-static-indeterminacy-iitd/exp-static-indeterminacy-iitd/experiment/simulation/main.js
    2:11  warning  'displayText1' is defined but never used         no-unused-vars
   20:9   warning  Move function declaration to function body root  no-inner-declarations
   63:14  warning  'displayText2' is defined but never used         no-unused-vars
   84:9   warning  Move function declaration to function body root  no-inner-declarations
  128:14  warning  'displayText3' is defined but never used         no-unused-vars
  145:9   warning  Move function declaration to function body root  no-inner-declarations
  188:14  warning  'displayText4' is defined but never used         no-unused-vars
  207:9   warning  Move function declaration to function body root  no-inner-declarations
  250:14  warning  'displayText5' is defined but never used         no-unused-vars
  275:9   warning  Move function declaration to function body root  no-inner-declarations
  318:14  warning  'displayText6' is defined but never used         no-unused-vars
  339:9   warning  Move function declaration to function body root  no-inner-declarations
  381:10  warning  'restart' is defined but never used              no-unused-vars
  387:10  warning  'navNext0' is defined but never used             no-unused-vars
  406:10  warning  'navNext0a' is defined but never used            no-unused-vars
  432:10  warning  'navNext1a' is defined but never used            no-unused-vars
  441:10  warning  'navNext1b' is defined but never used            no-unused-vars
  451:10  warning  'navNext1c' is defined but never used            no-unused-vars
  461:10  warning  'navNext1d' is defined but never used            no-unused-vars
  471:10  warning  'navNext1e' is defined but never used            no-unused-vars
  481:10  warning  'navNext1f' is defined but never used            no-unused-vars
  493:10  warning  'add_stand' is defined but never used            no-unused-vars
  529:10  warning  'start_analysis' is defined but never used       no-unused-vars
  533:10  warning  'add_aluminium_bar' is defined but never used    no-unused-vars
  554:10  warning  'start_Analysis' is defined but never used       no-unused-vars

✖ 25 problems (0 errors, 25 warnings)

